  11.1.vectorFunction.cpp
f:\我的c程序\leaning c++\learningcpp\11.1.vectorfunction.cpp : warning C4819: 该文件包含不能在当前代码页(936)中表示的字符。请将该文件保存为 Unicode 格式以防止数据丢失
  正在生成代码...
  正在编译...
  11.2.vector.main.cpp
f:\我的c程序\leaning c++\learningcpp\11.2.vector.main.cpp : warning C4819: 该文件包含不能在当前代码页(936)中表示的字符。请将该文件保存为 Unicode 格式以防止数据丢失
  正在生成代码...
f:\我的c程序\leaning c++\learningcpp\11.2.vector.main.cpp(21): warning C4700: 使用了未初始化的局部变量“i”
11.2.vector.main.obj : error LNK2019: 无法解析的外部符号 "public: void __thiscall VECTOR::Vector::test<int>(int)" (??$test@H@Vector@VECTOR@@QAEXH@Z)，该符号在函数 _main 中被引用
F:\我的c程序\leaning c++\LearningCPP\11.2.vectortest\Debug\11.2.vectortest.exe : fatal error LNK1120: 1 个无法解析的外部命令
